<?xml version="1.0" encoding="UTF-8"?>
<!-- Generated by org.testng.reporters.JUnitXMLReporter -->
<testsuite ignored="2" hostname="DESKTOP-1PMTGDA" failures="1" tests="2" name="Test" time="21.422" errors="0" timestamp="2024-10-17T00:24:57 SAST">
  <testcase classname="com.sudha.selenium.testng.demo.AddToCartTestCase" name="addToCart" time="7.947"/>
  <testcase classname="com.sudha.selenium.testng.demo.UnsuccessfulLogin" name="unsuccessLogin" time="0.006">
    <failure type="java.lang.NullPointerException" message="Cannot invoke &amp;quot;org.openqa.selenium.WebDriver.get(String)&amp;quot; because &amp;quot;this.driver&amp;quot; is null">
      <![CDATA[java.lang.NullPointerException: Cannot invoke "org.openqa.selenium.WebDriver.get(String)" because "this.driver" is null
at com.sudha.selenium.testng.demo.UnsuccessfulLogin.unsuccessLogin(UnsuccessfulLogin.java:12)
at java.base/java.util.ArrayList.forEach(ArrayList.java:1597)
... Removed 25 stack frames]]>
    </failure>
  </testcase> <!-- unsuccessLogin -->
  <testcase classname="com.sudha.selenium.testng.demo.Navigation" name="@BeforeTest urlNavigation" time="0.0">
    <ignored/>
  </testcase> <!-- @BeforeTest urlNavigation -->
  <testcase classname="com.sudha.selenium.testng.demo.SeleniumBase" name="@BeforeTest openBrowser" time="0.0">
    <ignored/>
  </testcase> <!-- @BeforeTest openBrowser -->
</testsuite> <!-- Test -->
