<?xml version="1.0" encoding="UTF-8"?>
<testng-results ignored="0" total="2" passed="2" failed="0" skipped="0">
  <reporter-output>
  </reporter-output>
  <suite started-at="2024-10-17T01:02:20 SAST" name="SeleniumTestNGSuite" finished-at="2024-10-17T01:02:44 SAST" duration-ms="23218">
    <groups>
    </groups>
    <test started-at="2024-10-17T01:02:20 SAST" name="Test1" finished-at="2024-10-17T01:02:35 SAST" duration-ms="14525">
      <class name="com.sudha.selenium.testng.demo.AddToCartTestCase">
        <test-method is-config="true" signature="openBrowser()[pri:0, instance:com.sudha.selenium.testng.demo.AddToCartTestCase@2d3379b4]" started-at="2024-10-17T01:02:20 SAST" name="openBrowser" finished-at="2024-10-17T01:02:23 SAST" duration-ms="2122" status="PASS">
          <reporter-output>
          </reporter-output>
        </test-method> <!-- openBrowser -->
        <test-method is-config="true" signature="urlNavigation()[pri:0, instance:com.sudha.selenium.testng.demo.AddToCartTestCase@2d3379b4]" started-at="2024-10-17T01:02:23 SAST" name="urlNavigation" finished-at="2024-10-17T01:02:25 SAST" depends-on-methods="com.sudha.selenium.testng.demo.SeleniumBase.openBrowser" duration-ms="2660" status="PASS">
          <reporter-output>
          </reporter-output>
        </test-method> <!-- urlNavigation -->
        <test-method is-config="true" signature="successLogin()[pri:0, instance:com.sudha.selenium.testng.demo.AddToCartTestCase@2d3379b4]" started-at="2024-10-17T01:02:25 SAST" name="successLogin" finished-at="2024-10-17T01:02:27 SAST" depends-on-methods="com.sudha.selenium.testng.demo.Navigation.urlNavigation, com.sudha.selenium.testng.demo.SeleniumBase.openBrowser" duration-ms="1450" status="PASS">
          <reporter-output>
          </reporter-output>
        </test-method> <!-- successLogin -->
        <test-method signature="addToCart()[pri:0, instance:com.sudha.selenium.testng.demo.AddToCartTestCase@2d3379b4]" started-at="2024-10-17T01:02:27 SAST" name="addToCart" finished-at="2024-10-17T01:02:35 SAST" duration-ms="8255" status="PASS">
          <reporter-output>
          </reporter-output>
        </test-method> <!-- addToCart -->
      </class> <!-- com.sudha.selenium.testng.demo.AddToCartTestCase -->
    </test> <!-- Test1 -->
    <test started-at="2024-10-17T01:02:35 SAST" name="Test2" finished-at="2024-10-17T01:02:44 SAST" duration-ms="8583">
      <class name="com.sudha.selenium.testng.demo.UnsuccessfulLoginTestCase">
        <test-method is-config="true" signature="openBrowser()[pri:0, instance:com.sudha.selenium.testng.demo.UnsuccessfulLoginTestCase@233795b6]" started-at="2024-10-17T01:02:35 SAST" name="openBrowser" finished-at="2024-10-17T01:02:36 SAST" duration-ms="1313" status="PASS">
          <reporter-output>
          </reporter-output>
        </test-method> <!-- openBrowser -->
        <test-method is-config="true" signature="urlNavigation()[pri:0, instance:com.sudha.selenium.testng.demo.UnsuccessfulLoginTestCase@233795b6]" started-at="2024-10-17T01:02:36 SAST" name="urlNavigation" finished-at="2024-10-17T01:02:39 SAST" depends-on-methods="com.sudha.selenium.testng.demo.SeleniumBase.openBrowser" duration-ms="2589" status="PASS">
          <reporter-output>
          </reporter-output>
        </test-method> <!-- urlNavigation -->
        <test-method signature="unsuccessfulLogin()[pri:0, instance:com.sudha.selenium.testng.demo.UnsuccessfulLoginTestCase@233795b6]" started-at="2024-10-17T01:02:39 SAST" name="unsuccessfulLogin" finished-at="2024-10-17T01:02:44 SAST" duration-ms="4675" status="PASS">
          <reporter-output>
          </reporter-output>
        </test-method> <!-- unsuccessfulLogin -->
      </class> <!-- com.sudha.selenium.testng.demo.UnsuccessfulLoginTestCase -->
    </test> <!-- Test2 -->
  </suite> <!-- SeleniumTestNGSuite -->
</testng-results>
